[35m[1mScanning dependencies of target geometry_msgs_generate_messages_eus[0m
[35m[1mScanning dependencies of target actionlib_generate_messages_cpp[0m
[35m[1mScanning dependencies of target std_msgs_generate_messages_py[0m
[35m[1mScanning dependencies of target std_msgs_generate_messages_cpp[0m
[35m[1mScanning dependencies of target tf2_msgs_generate_messages_eus[0m
[  0%] Built target geometry_msgs_generate_messages_eus
[35m[1mScanning dependencies of target std_msgs_generate_messages_nodejs[0m
[  0%] Built target actionlib_generate_messages_cpp
[  0%] Built target std_msgs_generate_messages_cpp
[  0%] Built target tf2_msgs_generate_messages_eus
[  0%] Built target std_msgs_generate_messages_nodejs
[  0%] Built target std_msgs_generate_messages_py
[35m[1mScanning dependencies of target roscpp_generate_messages_eus[0m
[35m[1mScanning dependencies of target tf2_msgs_generate_messages_nodejs[0m
[35m[1mScanning dependencies of target rosgraph_msgs_generate_messages_lisp[0m
[35m[1mScanning dependencies of target roscpp_generate_messages_lisp[0m
[35m[1mScanning dependencies of target actionlib_generate_messages_lisp[0m
[35m[1mScanning dependencies of target std_msgs_generate_messages_lisp[0m
[  0%] Built target tf2_msgs_generate_messages_nodejs
[  0%] Built target roscpp_generate_messages_eus
[  0%] Built target roscpp_generate_messages_lisp
[  0%] Built target rosgraph_msgs_generate_messages_lisp
[  0%] Built target std_msgs_generate_messages_lisp
[35m[1mScanning dependencies of target actionlib_msgs_generate_messages_eus[0m
[35m[1mScanning dependencies of target rosgraph_msgs_generate_messages_py[0m
[  0%] Built target actionlib_generate_messages_lisp
[  0%] Built target actionlib_msgs_generate_messages_eus
[35m[1mScanning dependencies of target roscpp_generate_messages_py[0m
[35m[1mScanning dependencies of target roscpp_generate_messages_cpp[0m
[35m[1mScanning dependencies of target geometry_msgs_generate_messages_py[0m
[35m[1mScanning dependencies of target tf2_msgs_generate_messages_lisp[0m
[  0%] Built target rosgraph_msgs_generate_messages_py
[  0%] Built target geometry_msgs_generate_messages_py
[  0%] Built target roscpp_generate_messages_py
[35m[1mScanning dependencies of target geometry_msgs_generate_messages_nodejs[0m
[  0%] Built target roscpp_generate_messages_cpp
[  0%] Built target tf2_msgs_generate_messages_lisp
[35m[1mScanning dependencies of target geometry_msgs_generate_messages_cpp[0m
[35m[1mScanning dependencies of target tf2_msgs_generate_messages_py[0m
[35m[1mScanning dependencies of target actionlib_msgs_generate_messages_py[0m
[  0%] Built target geometry_msgs_generate_messages_nodejs
[  0%] Built target geometry_msgs_generate_messages_cpp
[35m[1mScanning dependencies of target geometry_msgs_generate_messages_lisp[0m
[35m[1mScanning dependencies of target roscpp_generate_messages_nodejs[0m
[35m[1mScanning dependencies of target rosgraph_msgs_generate_messages_cpp[0m
[  0%] Built target actionlib_msgs_generate_messages_py
[  0%] Built target tf2_msgs_generate_messages_py
[  0%] Built target roscpp_generate_messages_nodejs
[  0%] Built target geometry_msgs_generate_messages_lisp
[  0%] Built target rosgraph_msgs_generate_messages_cpp
[35m[1mScanning dependencies of target actionlib_msgs_generate_messages_cpp[0m
[35m[1mScanning dependencies of target _liancheng_socket_generate_messages_check_deps_SwitchOrder[0m
[35m[1mScanning dependencies of target actionlib_generate_messages_eus[0m
[35m[1mScanning dependencies of target _liancheng_socket_generate_messages_check_deps_MotorOrder[0m
[35m[1mScanning dependencies of target std_msgs_generate_messages_eus[0m
[35m[1mScanning dependencies of target _liancheng_socket_generate_messages_check_deps_ReadOutput[0m
[  0%] Built target actionlib_msgs_generate_messages_cpp
[  0%] Built target actionlib_generate_messages_eus
[  0%] Built target std_msgs_generate_messages_eus
[35m[1mScanning dependencies of target actionlib_msgs_generate_messages_nodejs[0m
[35m[1mScanning dependencies of target actionlib_generate_messages_py[0m
[  0%] Built target actionlib_msgs_generate_messages_nodejs
[  0%] Built target actionlib_generate_messages_py
[35m[1mScanning dependencies of target actionlib_msgs_generate_messages_lisp[0m
[  0%] Built target _liancheng_socket_generate_messages_check_deps_SwitchOrder
[35m[1mScanning dependencies of target rosgraph_msgs_generate_messages_eus[0m
[  0%] Built target _liancheng_socket_generate_messages_check_deps_MotorOrder
[35m[1mScanning dependencies of target actionlib_generate_messages_nodejs[0m
[  0%] Built target actionlib_msgs_generate_messages_lisp
[35m[1mScanning dependencies of target rosgraph_msgs_generate_messages_nodejs[0m
[35m[1mScanning dependencies of target tf2_msgs_generate_messages_cpp[0m
[  0%] Built target _liancheng_socket_generate_messages_check_deps_ReadOutput
[  0%] Built target rosgraph_msgs_generate_messages_eus
[  0%] Built target actionlib_generate_messages_nodejs
[  0%] Built target tf2_msgs_generate_messages_cpp
[  0%] Built target rosgraph_msgs_generate_messages_nodejs
[35m[1mScanning dependencies of target liancheng_socket_generate_messages_py[0m
[35m[1mScanning dependencies of target liancheng_socket_generate_messages_cpp[0m
[35m[1mScanning dependencies of target liancheng_socket_generate_messages_nodejs[0m
[35m[1mScanning dependencies of target liancheng_socket_generate_messages_eus[0m
[35m[1mScanning dependencies of target liancheng_socket_generate_messages_lisp[0m
[  3%] [34m[1mGenerating Python from MSG liancheng_socket/SwitchOrder[0m
[  6%] [34m[1mGenerating Python from MSG liancheng_socket/MotorOrder[0m
[  9%] [34m[1mGenerating Javascript code from liancheng_socket/MotorOrder.msg[0m
[ 12%] [34m[1mGenerating C++ code from liancheng_socket/MotorOrder.msg[0m
[ 15%] [34m[1mGenerating Lisp code from liancheng_socket/MotorOrder.msg[0m
[ 18%] [34m[1mGenerating EusLisp code from liancheng_socket/MotorOrder.msg[0m
[ 21%] [34m[1mGenerating Javascript code from liancheng_socket/SwitchOrder.msg[0m
[ 25%] [34m[1mGenerating Lisp code from liancheng_socket/SwitchOrder.msg[0m
[ 28%] [34m[1mGenerating Javascript code from liancheng_socket/ReadOutput.msg[0m
[ 31%] [34m[1mGenerating EusLisp code from liancheng_socket/SwitchOrder.msg[0m
[ 34%] [34m[1mGenerating C++ code from liancheng_socket/SwitchOrder.msg[0m
[ 37%] [34m[1mGenerating Lisp code from liancheng_socket/ReadOutput.msg[0m
[ 40%] [34m[1mGenerating C++ code from liancheng_socket/ReadOutput.msg[0m
[ 43%] [34m[1mGenerating Python from MSG liancheng_socket/ReadOutput[0m
[ 43%] Built target liancheng_socket_generate_messages_nodejs
[ 43%] Built target liancheng_socket_generate_messages_lisp
[ 46%] [34m[1mGenerating EusLisp manifest code for liancheng_socket[0m
[ 50%] [34m[1mGenerating EusLisp code from liancheng_socket/ReadOutput.msg[0m
[ 50%] Built target liancheng_socket_generate_messages_cpp
[35m[1mScanning dependencies of target liancheng_plc[0m
[35m[1mScanning dependencies of target liancheng_can[0m
[ 53%] [34m[1mGenerating Python msg __init__.py for liancheng_socket[0m
[35m[1mScanning dependencies of target liancheng_client[0m
[35m[1mScanning dependencies of target talk_test[0m
[ 56%] [32mBuilding CXX object CMakeFiles/liancheng_client.dir/src/client.cpp.o[0m
[ 59%] [32mBuilding CXX object CMakeFiles/liancheng_can.dir/src/canusb.cpp.o[0m
[ 62%] [32mBuilding CXX object CMakeFiles/liancheng_plc.dir/src/plc.cpp.o[0m
[ 65%] [32mBuilding CXX object CMakeFiles/talk_test.dir/src/test_talk.cpp.o[0m
[ 65%] Built target liancheng_socket_generate_messages_py
[ 68%] [32mBuilding CXX object CMakeFiles/liancheng_client.dir/src/TCPClient.cpp.o[0m
[ 68%] Built target liancheng_socket_generate_messages_eus
[35m[1mScanning dependencies of target liancheng_server[0m
[ 71%] [32mBuilding CXX object CMakeFiles/liancheng_server.dir/src/server.cpp.o[0m
[ 75%] [32mBuilding CXX object CMakeFiles/liancheng_server.dir/src/TCPServer.cpp.o[0m
[35m[1mScanning dependencies of target liancheng_serial[0m
[ 78%] [32mBuilding CXX object CMakeFiles/liancheng_serial.dir/src/serial.cpp.o[0m
[ 81%] [32m[1mLinking CXX executable /home/liancheng/Desktop/robot/devel/.private/liancheng_socket/lib/liancheng_socket/liancheng_server[0m
[ 81%] Built target liancheng_server
[ 84%] [32mBuilding CXX object CMakeFiles/liancheng_serial.dir/src/RS485Serial.cpp.o[0m
[ 87%] [32m[1mLinking CXX executable /home/liancheng/Desktop/robot/devel/.private/liancheng_socket/lib/liancheng_socket/talk_test[0m
[ 90%] [32m[1mLinking CXX executable /home/liancheng/Desktop/robot/devel/.private/liancheng_socket/lib/liancheng_socket/liancheng_client[0m
[ 90%] Built target talk_test
[35m[1mScanning dependencies of target liancheng_socket_generate_messages[0m
[ 90%] Built target liancheng_socket_generate_messages
[ 90%] Built target liancheng_client
[ 93%] [32m[1mLinking CXX executable /home/liancheng/Desktop/robot/devel/.private/liancheng_socket/lib/liancheng_socket/liancheng_can[0m
[ 96%] [32m[1mLinking CXX executable /home/liancheng/Desktop/robot/devel/.private/liancheng_socket/lib/liancheng_socket/liancheng_plc[0m
[ 96%] Built target liancheng_can
[ 96%] Built target liancheng_plc
[100%] [32m[1mLinking CXX executable /home/liancheng/Desktop/robot/devel/.private/liancheng_socket/lib/liancheng_socket/liancheng_serial[0m
[100%] Built target liancheng_serial
